<?xml version="1.0" encoding="UTF-8"?>
<!-- Generated by org.testng.reporters.JUnitReportReporter -->
<testsuite skipped="0" hostname="DESKTOP-RR4EUC7" name="requirements.API.UpdateEmployerSecureHash" tests="1" failures="0" timestamp="31 Jul 2018 07:40:24 GMT" time="1.031" errors="0">
  <testcase name="activateemployer" time="1.031" classname="requirements.API.UpdateEmployerSecureHash"/>
</testsuite> <!-- requirements.API.UpdateEmployerSecureHash -->
