<?xml version="1.0" encoding="UTF-8"?>
<!-- Generated by org.testng.reporters.JUnitReportReporter -->
<testsuite skipped="0" hostname="DESKTOP-RR4EUC7" name="requirements.API.UpdateEmployerDetails" tests="2" failures="0" timestamp="07 Aug 2018 04:30:09 GMT" time="0.709" errors="1">
  <testcase name="generateSecureHashForEmployer" time="0.437" classname="requirements.API.UpdateEmployerDetails"/>
  <testcase name="activateNewEmployer" time="0.272" classname="requirements.API.UpdateEmployerDetails">
    <error type="org.jsoup.HttpStatusException" message="HTTP error fetching URL">
      <![CDATA[org.jsoup.HttpStatusException: HTTP error fetching URL. Status=400, URL=http://10.10.3.30:8080/mipss-sgw/services/individual/profile
at org.jsoup.helper.HttpConnection$Response.execute(HttpConnection.java:679)
at org.jsoup.helper.HttpConnection$Response.execute(HttpConnection.java:628)
at org.jsoup.helper.HttpConnection.execute(HttpConnection.java:260)
at pages.EMP_Portal.EmployerActivationSecureHash.activateEmployer(EmployerActivationSecureHash.java:56)
at requirements.API.UpdateEmployerDetails.activateNewEmployer(UpdateEmployerDetails.java:49)
at sun.reflect.NativeMethodAccessorImpl.invoke0(Native Method)
at sun.reflect.NativeMethodAccessorImpl.invoke(Unknown Source)
at sun.reflect.DelegatingMethodAccessorImpl.invoke(Unknown Source)
at java.lang.reflect.Method.invoke(Unknown Source)
at org.testng.internal.MethodInvocationHelper.invokeMethod(MethodInvocationHelper.java:124)
at org.testng.internal.Invoker.invokeMethod(Invoker.java:580)
at org.testng.internal.Invoker.invokeTestMethod(Invoker.java:716)
at org.testng.internal.Invoker.invokeTestMethods(Invoker.java:988)
at org.testng.internal.TestMethodWorker.invokeTestMethods(TestMethodWorker.java:125)
at org.testng.internal.TestMethodWorker.run(TestMethodWorker.java:109)
at org.testng.TestRunner.privateRun(TestRunner.java:648)
at org.testng.TestRunner.run(TestRunner.java:505)
at org.testng.SuiteRunner.runTest(SuiteRunner.java:455)
at org.testng.SuiteRunner.runSequentially(SuiteRunner.java:450)
at org.testng.SuiteRunner.privateRun(SuiteRunner.java:415)
at org.testng.SuiteRunner.run(SuiteRunner.java:364)
at org.testng.SuiteRunnerWorker.runSuite(SuiteRunnerWorker.java:52)
at org.testng.SuiteRunnerWorker.run(SuiteRunnerWorker.java:84)
at org.testng.TestNG.runSuitesSequentially(TestNG.java:1208)
at org.testng.TestNG.runSuitesLocally(TestNG.java:1137)
at org.testng.TestNG.runSuites(TestNG.java:1049)
at org.testng.TestNG.run(TestNG.java:1017)
at org.testng.remote.AbstractRemoteTestNG.run(AbstractRemoteTestNG.java:114)
at org.testng.remote.RemoteTestNG.initAndRun(RemoteTestNG.java:251)
at org.testng.remote.RemoteTestNG.main(RemoteTestNG.java:77)
]]>
    </error>
  </testcase> <!-- activateNewEmployer -->
</testsuite> <!-- requirements.API.UpdateEmployerDetails -->
