<?xml version="1.0" encoding="UTF-8"?>
<!-- Generated by org.testng.reporters.JUnitReportReporter -->
<testsuite skipped="0" hostname="BT-INDIA-COM25" name="requirements.workerRegistration.RegisterNewWorkers" tests="1" failures="0" timestamp="20 Nov 2018 12:17:07 GMT" time="8.714" errors="0">
  <testcase name="login_crm" time="8.714" classname="requirements.workerRegistration.RegisterNewWorkers"/>
</testsuite> <!-- requirements.workerRegistration.RegisterNewWorkers -->
