<?xml version="1.0" encoding="UTF-8"?>
<!-- Generated by org.testng.reporters.JUnitReportReporter -->
<testsuite skipped="0" hostname="BT-INDIA-COM25" name="requirements.workerRegistration.RegisterNewWorkers" tests="1" failures="0" timestamp="31 Oct 2018 10:24:09 GMT" time="7.786" errors="0">
  <testcase name="login_crm" time="7.786" classname="requirements.workerRegistration.RegisterNewWorkers"/>
</testsuite> <!-- requirements.workerRegistration.RegisterNewWorkers -->
